Using pre-set license
Built from '2020.3/staging' branch; Version is '2020.3.3f1 (76626098c1c4) revision 7758432'; Using compiler version '192528614'; Build Type 'Release'
OS: 'Windows 10 Home; OS build 19042.928; Version 2009; 64bit' Language: 'es' Physical Memory: 8109 MB
BatchMode: 1, IsHumanControllingUs: 0, StartBugReporterOnCrash: 0, Is64bit: 1, IsPro: 0

 COMMAND LINE ARGUMENTS:
C:\Users\eduar\Desktop\ProyectosUnity\2020.3.3f1\Editor\Unity.exe
-adb2
-batchMode
-noUpm
-name
AssetImportWorker0
-projectPath
C:/Users/eduar/Desktop/ProyectosUnity/Proyecto3/Proyecto3
-logFile
Logs/AssetImportWorker0.log
-srvPort
63311
Successfully changed project path to: C:/Users/eduar/Desktop/ProyectosUnity/Proyecto3/Proyecto3
C:/Users/eduar/Desktop/ProyectosUnity/Proyecto3/Proyecto3
Using Asset Import Pipeline V2.
Refreshing native plugins compatible for Editor in 40.67 ms, found 0 plugins.
Preloading 0 native plugins for Editor in 0.00 ms.
Initialize engine version: 2020.3.3f1 (76626098c1c4)
[Subsystems] Discovering subsystems at path C:/Users/eduar/Desktop/ProyectosUnity/2020.3.3f1/Editor/Data/Resources/UnitySubsystems
[Subsystems] Discovering subsystems at path C:/Users/eduar/Desktop/ProyectosUnity/Proyecto3/Proyecto3/Assets
GfxDevice: creating device client; threaded=0
Direct3D:
    Version:  Direct3D 11.0 [level 11.1]
    Renderer: NVIDIA GeForce GTX 1050 (ID=0x1c8d)
    Vendor:   
    VRAM:     1979 MB
    Driver:   27.21.14.6611
Initialize mono
Mono path[0] = 'C:/Users/eduar/Desktop/ProyectosUnity/2020.3.3f1/Editor/Data/Managed'
Mono path[1] = 'C:/Users/eduar/Desktop/ProyectosUnity/2020.3.3f1/Editor/Data/MonoBleedingEdge/lib/mono/unityjit'
Mono config path = 'C:/Users/eduar/Desktop/ProyectosUnity/2020.3.3f1/Editor/Data/MonoBleedingEdge/etc'
Using monoOptions --debugger-agent=transport=dt_socket,embedding=1,server=y,suspend=n,address=127.0.0.1:56320
Begin MonoManager ReloadAssembly
Registering precompiled unity dll's ...
Register platform support module: C:/Users/eduar/Desktop/ProyectosUnity/2020.3.3f1/Editor/Data/PlaybackEngines/WindowsStandaloneSupport/UnityEditor.WindowsStandalone.Extensions.dll
Registered in 0.002676 seconds.
Native extension for WindowsStandalone target not found
Refreshing native plugins compatible for Editor in 41.18 ms, found 0 plugins.
Preloading 0 native plugins for Editor in 0.00 ms.
Invoked RoslynAnalysisRunner static constructor.
RoslynAnalysisRunner will not be running.
RoslynAnalysisRunner has terminated.
Mono: successfully reloaded assembly
- Completed reload, in  1.591 seconds
Platform modules already initialized, skipping
Registering precompiled user dll's ...
Registered in 0.001522 seconds.
Begin MonoManager ReloadAssembly
Native extension for WindowsStandalone target not found
Refreshing native plugins compatible for Editor in 0.59 ms, found 0 plugins.
Preloading 0 native plugins for Editor in 0.00 ms.
Invoked RoslynAnalysisRunner static constructor.
RoslynAnalysisRunner will not be running.
RoslynAnalysisRunner has terminated.
Mono: successfully reloaded assembly
- Completed reload, in  1.319 seconds
Platform modules already initialized, skipping
========================================================================
Worker process is ready to serve import requests
Launched and connected shader compiler UnityShaderCompiler.exe after 0.09 seconds
Refreshing native plugins compatible for Editor in 1.11 ms, found 0 plugins.
Preloading 0 native plugins for Editor in 0.00 ms.
Unloading 1539 Unused Serialized files (Serialized files now loaded: 0)
System memory in use before: 77.5 MB.
System memory in use after: 77.5 MB.

Unloading 68 unused Assets to reduce memory usage. Loaded Objects now: 1978.
Total: 5.284000 ms (FindLiveObjects: 0.304600 ms CreateObjectMapping: 0.100400 ms MarkObjects: 3.488000 ms  DeleteObjects: 1.386800 ms)

========================================================================
Received Import Request.
  path: Assets/Prefabs/Enemy.prefab
  artifactKey: Guid(fbd2fd88815d2584eab174600c3d28d9) Importer(815301076,1909f56bfc062723c751e8b465ee728b)
Start importing Assets/Prefabs/Enemy.prefab using Guid(fbd2fd88815d2584eab174600c3d28d9) Importer(815301076,1909f56bfc062723c751e8b465ee728b)  -> (artifact id: '44f659f4283e14f832551f6745e85d1d') in 0.256667 seconds
  Import took 0.260682 seconds .

========================================================================
Received Prepare
Registering precompiled user dll's ...
Registered in 0.000954 seconds.
Begin MonoManager ReloadAssembly
Native extension for WindowsStandalone target not found
Refreshing native plugins compatible for Editor in 0.28 ms, found 0 plugins.
Preloading 0 native plugins for Editor in 0.00 ms.
Warning: Annotation not found!
UnityEngine.StackTraceUtility:ExtractStackTrace ()
UnityEditor.ProBuilder.EditorUtility:SetGizmoIconEnabled (System.Type,bool) (at Library/PackageCache/com.unity.probuilder@4.5.0/Editor/EditorCore/EditorUtility.cs:593)
UnityEditor.ProBuilder.HierarchyListener:.cctor () (at Library/PackageCache/com.unity.probuilder@4.5.0/Editor/EditorCore/HierarchyListener.cs:21)
System.Runtime.CompilerServices.RuntimeHelpers:RunClassConstructor (System.RuntimeTypeHandle)
UnityEditor.EditorAssemblies:ProcessInitializeOnLoadAttributes (System.Type[])

[Library/PackageCache/com.unity.probuilder@4.5.0/Editor/EditorCore/EditorUtility.cs line 593]

Invoked RoslynAnalysisRunner static constructor.
RoslynAnalysisRunner will not be running.
RoslynAnalysisRunner has terminated.
Mono: successfully reloaded assembly
- Completed reload, in  1.245 seconds
Platform modules already initialized, skipping
Refreshing native plugins compatible for Editor in 0.68 ms, found 0 plugins.
Preloading 0 native plugins for Editor in 0.00 ms.
Unloading 1492 Unused Serialized files (Serialized files now loaded: 0)
System memory in use before: 76.6 MB.
System memory in use after: 76.6 MB.

Unloading 7 unused Assets to reduce memory usage. Loaded Objects now: 1991.
Total: 3.655200 ms (FindLiveObjects: 0.255300 ms CreateObjectMapping: 0.065000 ms MarkObjects: 3.181500 ms  DeleteObjects: 0.151300 ms)

========================================================================
Received Prepare
Registering precompiled user dll's ...
Registered in 0.000850 seconds.
Begin MonoManager ReloadAssembly
Native extension for WindowsStandalone target not found
Refreshing native plugins compatible for Editor in 0.56 ms, found 0 plugins.
Preloading 0 native plugins for Editor in 0.00 ms.
Warning: Annotation not found!
UnityEngine.StackTraceUtility:ExtractStackTrace ()
UnityEditor.ProBuilder.EditorUtility:SetGizmoIconEnabled (System.Type,bool) (at Library/PackageCache/com.unity.probuilder@4.5.0/Editor/EditorCore/EditorUtility.cs:593)
UnityEditor.ProBuilder.HierarchyListener:.cctor () (at Library/PackageCache/com.unity.probuilder@4.5.0/Editor/EditorCore/HierarchyListener.cs:21)
System.Runtime.CompilerServices.RuntimeHelpers:RunClassConstructor (System.RuntimeTypeHandle)
UnityEditor.EditorAssemblies:ProcessInitializeOnLoadAttributes (System.Type[])

[Library/PackageCache/com.unity.probuilder@4.5.0/Editor/EditorCore/EditorUtility.cs line 593]

Invoked RoslynAnalysisRunner static constructor.
RoslynAnalysisRunner will not be running.
RoslynAnalysisRunner has terminated.
Mono: successfully reloaded assembly
- Completed reload, in  1.554 seconds
Platform modules already initialized, skipping
Refreshing native plugins compatible for Editor in 0.42 ms, found 0 plugins.
Preloading 0 native plugins for Editor in 0.00 ms.
Unloading 1492 Unused Serialized files (Serialized files now loaded: 0)
System memory in use before: 76.6 MB.
System memory in use after: 76.6 MB.

Unloading 6 unused Assets to reduce memory usage. Loaded Objects now: 1994.
Total: 5.282600 ms (FindLiveObjects: 0.432900 ms CreateObjectMapping: 0.194300 ms MarkObjects: 4.443300 ms  DeleteObjects: 0.207700 ms)

========================================================================
Received Import Request.
  Time since last request: 140.366429 seconds.
  path: Assets/Prefabs/Enemy.prefab
  artifactKey: Guid(fbd2fd88815d2584eab174600c3d28d9) Importer(815301076,1909f56bfc062723c751e8b465ee728b)
Start importing Assets/Prefabs/Enemy.prefab using Guid(fbd2fd88815d2584eab174600c3d28d9) Importer(815301076,1909f56bfc062723c751e8b465ee728b)  -> (artifact id: '4944106f516f4b1fd6e03f9b2085c467') in 0.084845 seconds
  Import took 0.090617 seconds .

========================================================================
Received Prepare
Registering precompiled user dll's ...
Registered in 0.001101 seconds.
Begin MonoManager ReloadAssembly
Native extension for WindowsStandalone target not found
Refreshing native plugins compatible for Editor in 0.36 ms, found 0 plugins.
Preloading 0 native plugins for Editor in 0.00 ms.
Warning: Annotation not found!
UnityEngine.StackTraceUtility:ExtractStackTrace ()
UnityEditor.ProBuilder.EditorUtility:SetGizmoIconEnabled (System.Type,bool) (at Library/PackageCache/com.unity.probuilder@4.5.0/Editor/EditorCore/EditorUtility.cs:593)
UnityEditor.ProBuilder.HierarchyListener:.cctor () (at Library/PackageCache/com.unity.probuilder@4.5.0/Editor/EditorCore/HierarchyListener.cs:21)
System.Runtime.CompilerServices.RuntimeHelpers:RunClassConstructor (System.RuntimeTypeHandle)
UnityEditor.EditorAssemblies:ProcessInitializeOnLoadAttributes (System.Type[])

[Library/PackageCache/com.unity.probuilder@4.5.0/Editor/EditorCore/EditorUtility.cs line 593]

Invoked RoslynAnalysisRunner static constructor.
RoslynAnalysisRunner will not be running.
RoslynAnalysisRunner has terminated.
Mono: successfully reloaded assembly
- Completed reload, in  1.379 seconds
Platform modules already initialized, skipping
Refreshing native plugins compatible for Editor in 0.36 ms, found 0 plugins.
Preloading 0 native plugins for Editor in 0.00 ms.
Unloading 1492 Unused Serialized files (Serialized files now loaded: 0)
System memory in use before: 76.6 MB.
System memory in use after: 76.7 MB.

Unloading 7 unused Assets to reduce memory usage. Loaded Objects now: 1998.
Total: 3.075300 ms (FindLiveObjects: 0.433600 ms CreateObjectMapping: 0.076600 ms MarkObjects: 2.435700 ms  DeleteObjects: 0.127400 ms)

========================================================================
Received Prepare
Registering precompiled user dll's ...
Registered in 0.000955 seconds.
Begin MonoManager ReloadAssembly
Native extension for WindowsStandalone target not found
Refreshing native plugins compatible for Editor in 1.65 ms, found 0 plugins.
Preloading 0 native plugins for Editor in 0.00 ms.
Warning: Annotation not found!
UnityEngine.StackTraceUtility:ExtractStackTrace ()
UnityEditor.ProBuilder.EditorUtility:SetGizmoIconEnabled (System.Type,bool) (at Library/PackageCache/com.unity.probuilder@4.5.0/Editor/EditorCore/EditorUtility.cs:593)
UnityEditor.ProBuilder.HierarchyListener:.cctor () (at Library/PackageCache/com.unity.probuilder@4.5.0/Editor/EditorCore/HierarchyListener.cs:21)
System.Runtime.CompilerServices.RuntimeHelpers:RunClassConstructor (System.RuntimeTypeHandle)
UnityEditor.EditorAssemblies:ProcessInitializeOnLoadAttributes (System.Type[])

[Library/PackageCache/com.unity.probuilder@4.5.0/Editor/EditorCore/EditorUtility.cs line 593]

Invoked RoslynAnalysisRunner static constructor.
RoslynAnalysisRunner will not be running.
RoslynAnalysisRunner has terminated.
Mono: successfully reloaded assembly
- Completed reload, in  1.396 seconds
Platform modules already initialized, skipping
Refreshing native plugins compatible for Editor in 1.07 ms, found 0 plugins.
Preloading 0 native plugins for Editor in 0.00 ms.
Unloading 1492 Unused Serialized files (Serialized files now loaded: 0)
System memory in use before: 76.6 MB.
System memory in use after: 76.7 MB.

Unloading 6 unused Assets to reduce memory usage. Loaded Objects now: 2001.
Total: 5.568400 ms (FindLiveObjects: 0.744800 ms CreateObjectMapping: 0.703600 ms MarkObjects: 3.998400 ms  DeleteObjects: 0.118100 ms)

========================================================================
Received Prepare
Registering precompiled user dll's ...
Registered in 0.000740 seconds.
Begin MonoManager ReloadAssembly
Native extension for WindowsStandalone target not found
Refreshing native plugins compatible for Editor in 0.61 ms, found 0 plugins.
Preloading 0 native plugins for Editor in 0.00 ms.
Warning: Annotation not found!
UnityEngine.StackTraceUtility:ExtractStackTrace ()
UnityEditor.ProBuilder.EditorUtility:SetGizmoIconEnabled (System.Type,bool) (at Library/PackageCache/com.unity.probuilder@4.5.0/Editor/EditorCore/EditorUtility.cs:593)
UnityEditor.ProBuilder.HierarchyListener:.cctor () (at Library/PackageCache/com.unity.probuilder@4.5.0/Editor/EditorCore/HierarchyListener.cs:21)
System.Runtime.CompilerServices.RuntimeHelpers:RunClassConstructor (System.RuntimeTypeHandle)
UnityEditor.EditorAssemblies:ProcessInitializeOnLoadAttributes (System.Type[])

[Library/PackageCache/com.unity.probuilder@4.5.0/Editor/EditorCore/EditorUtility.cs line 593]

Invoked RoslynAnalysisRunner static constructor.
RoslynAnalysisRunner will not be running.
RoslynAnalysisRunner has terminated.
Mono: successfully reloaded assembly
- Completed reload, in  1.051 seconds
Platform modules already initialized, skipping
Refreshing native plugins compatible for Editor in 0.31 ms, found 0 plugins.
Preloading 0 native plugins for Editor in 0.00 ms.
Unloading 1492 Unused Serialized files (Serialized files now loaded: 0)
System memory in use before: 76.7 MB.
System memory in use after: 76.7 MB.

Unloading 6 unused Assets to reduce memory usage. Loaded Objects now: 2004.
Total: 4.137500 ms (FindLiveObjects: 0.332500 ms CreateObjectMapping: 0.096900 ms MarkObjects: 3.574200 ms  DeleteObjects: 0.131800 ms)

========================================================================
Received Prepare
Registering precompiled user dll's ...
Registered in 0.001907 seconds.
Begin MonoManager ReloadAssembly
Native extension for WindowsStandalone target not found
Refreshing native plugins compatible for Editor in 0.49 ms, found 0 plugins.
Preloading 0 native plugins for Editor in 0.00 ms.
Warning: Annotation not found!
UnityEngine.StackTraceUtility:ExtractStackTrace ()
UnityEditor.ProBuilder.EditorUtility:SetGizmoIconEnabled (System.Type,bool) (at Library/PackageCache/com.unity.probuilder@4.5.0/Editor/EditorCore/EditorUtility.cs:593)
UnityEditor.ProBuilder.HierarchyListener:.cctor () (at Library/PackageCache/com.unity.probuilder@4.5.0/Editor/EditorCore/HierarchyListener.cs:21)
System.Runtime.CompilerServices.RuntimeHelpers:RunClassConstructor (System.RuntimeTypeHandle)
UnityEditor.EditorAssemblies:ProcessInitializeOnLoadAttributes (System.Type[])

[Library/PackageCache/com.unity.probuilder@4.5.0/Editor/EditorCore/EditorUtility.cs line 593]

Invoked RoslynAnalysisRunner static constructor.
RoslynAnalysisRunner will not be running.
RoslynAnalysisRunner has terminated.
Mono: successfully reloaded assembly
- Completed reload, in  1.273 seconds
Platform modules already initialized, skipping
Refreshing native plugins compatible for Editor in 0.42 ms, found 0 plugins.
Preloading 0 native plugins for Editor in 0.00 ms.
Unloading 1546 Unused Serialized files (Serialized files now loaded: 0)
System memory in use before: 78.2 MB.
System memory in use after: 78.1 MB.

Unloading 8 unused Assets to reduce memory usage. Loaded Objects now: 2059.
Total: 4.270300 ms (FindLiveObjects: 0.393200 ms CreateObjectMapping: 0.118500 ms MarkObjects: 3.529600 ms  DeleteObjects: 0.226800 ms)

========================================================================
Received Import Request.
  Time since last request: 622.156531 seconds.
  path: Assets/Resources/TextMesh Pro/Resources/Fonts & Materials/LiberationSans SDF.asset
  artifactKey: Guid(8f586378b4e144a9851e7b34d9b748ee) Importer(815301076,1909f56bfc062723c751e8b465ee728b)
Start importing Assets/Resources/TextMesh Pro/Resources/Fonts & Materials/LiberationSans SDF.asset using Guid(8f586378b4e144a9851e7b34d9b748ee) Importer(815301076,1909f56bfc062723c751e8b465ee728b)  -> (artifact id: 'f97e54bf24592602f3573ca0a8a48715') in 0.191580 seconds
  Import took 0.203954 seconds .

========================================================================
Received Import Request.
  Time since last request: 0.000303 seconds.
  path: Assets/Resources/TextMesh Pro/Resources/Fonts & Materials/LiberationSans SDF - Outline.mat
  artifactKey: Guid(79459efec17a4d00a321bdcc27bbc385) Importer(815301076,1909f56bfc062723c751e8b465ee728b)
Start importing Assets/Resources/TextMesh Pro/Resources/Fonts & Materials/LiberationSans SDF - Outline.mat using Guid(79459efec17a4d00a321bdcc27bbc385) Importer(815301076,1909f56bfc062723c751e8b465ee728b)  -> (artifact id: '71646f6b7222829c477b7c3d5eb39f23') in 0.124929 seconds
  Import took 0.129066 seconds .

========================================================================
Received Import Request.
  Time since last request: 0.000332 seconds.
  path: Assets/Resources/TextMesh Pro/Resources/Fonts & Materials/LiberationSans SDF - Fallback.asset
  artifactKey: Guid(2e498d1c8094910479dc3e1b768306a4) Importer(815301076,1909f56bfc062723c751e8b465ee728b)
Start importing Assets/Resources/TextMesh Pro/Resources/Fonts & Materials/LiberationSans SDF - Fallback.asset using Guid(2e498d1c8094910479dc3e1b768306a4) Importer(815301076,1909f56bfc062723c751e8b465ee728b)  -> (artifact id: 'abc1e97eedacdd3eb42767868b4f4cf6') in 0.032941 seconds
  Import took 0.038867 seconds .

========================================================================
Received Import Request.
  Time since last request: 0.000431 seconds.
  path: Assets/Resources/TextMesh Pro/Fonts/LiberationSans.ttf
  artifactKey: Guid(e3265ab4bf004d28a9537516768c1c75) Importer(815301076,1909f56bfc062723c751e8b465ee728b)
Start importing Assets/Resources/TextMesh Pro/Fonts/LiberationSans.ttf using Guid(e3265ab4bf004d28a9537516768c1c75) Importer(815301076,1909f56bfc062723c751e8b465ee728b)  -> (artifact id: '4eb8b3530bc09335c862f949d78eda38') in 0.060221 seconds
  Import took 0.064665 seconds .

========================================================================
Received Import Request.
  Time since last request: 0.000430 seconds.
  path: Assets/Resources/TextMesh Pro/Resources/Fonts & Materials/LiberationSans SDF - Drop Shadow.mat
  artifactKey: Guid(e73a58f6e2794ae7b1b7e50b7fb811b0) Importer(815301076,1909f56bfc062723c751e8b465ee728b)
Start importing Assets/Resources/TextMesh Pro/Resources/Fonts & Materials/LiberationSans SDF - Drop Shadow.mat using Guid(e73a58f6e2794ae7b1b7e50b7fb811b0) Importer(815301076,1909f56bfc062723c751e8b465ee728b)  -> (artifact id: 'ee13205bf0a21714f51a3f10fe9602bd') in 0.128083 seconds
  Import took 0.133134 seconds .

========================================================================
Received Import Request.
  Time since last request: 30.116830 seconds.
  path: Assets/BOXOPHOBIC/Skybox Cubemap Extended/Core/Editor/Boxophobic.SkyboxCubemapExtended.Editor.asmdef
  artifactKey: Guid(29bc400970c5066438cbde7676418b75) Importer(815301076,1909f56bfc062723c751e8b465ee728b)
Start importing Assets/BOXOPHOBIC/Skybox Cubemap Extended/Core/Editor/Boxophobic.SkyboxCubemapExtended.Editor.asmdef using Guid(29bc400970c5066438cbde7676418b75) Importer(815301076,1909f56bfc062723c751e8b465ee728b)  -> (artifact id: 'ed052e216eac1bfe2542c57b60553b4c') in 0.016701 seconds
  Import took 0.024290 seconds .

========================================================================
Received Import Request.
  Time since last request: 0.000414 seconds.
  path: Assets/BOXOPHOBIC/Skybox Cubemap Extended/Core/Editor/Version.asset
  artifactKey: Guid(cb530898cc05d744da0941d6160f7b92) Importer(815301076,1909f56bfc062723c751e8b465ee728b)
Start importing Assets/BOXOPHOBIC/Skybox Cubemap Extended/Core/Editor/Version.asset using Guid(cb530898cc05d744da0941d6160f7b92) Importer(815301076,1909f56bfc062723c751e8b465ee728b)  -> (artifact id: 'e2f70a35ade6f459e39d2958d7966ea8') in 0.015405 seconds
  Import took 0.019314 seconds .

========================================================================
Received Import Request.
  Time since last request: 0.357079 seconds.
  path: Assets/BOXOPHOBIC/Skybox Cubemap Extended/Core/Functions/Compute Rotation Y.asset
  artifactKey: Guid(693b7d13a80c93a4e8b791a9cd5e5ab2) Importer(815301076,1909f56bfc062723c751e8b465ee728b)
Start importing Assets/BOXOPHOBIC/Skybox Cubemap Extended/Core/Functions/Compute Rotation Y.asset using Guid(693b7d13a80c93a4e8b791a9cd5e5ab2) Importer(815301076,1909f56bfc062723c751e8b465ee728b)  -> (artifact id: 'dd17dbc497adda7bd4ad0f232fa593a4') in 0.011697 seconds
  Import took 0.018129 seconds .

========================================================================
Received Import Request.
  Time since last request: 7.806734 seconds.
  path: Assets/BOXOPHOBIC/Skybox Cubemap Extended/Core/Shaders/Skybox Cubemap Extended.shader
  artifactKey: Guid(82881a2d011b0964696411c822cdd00b) Importer(815301076,1909f56bfc062723c751e8b465ee728b)
Start importing Assets/BOXOPHOBIC/Skybox Cubemap Extended/Core/Shaders/Skybox Cubemap Extended.shader using Guid(82881a2d011b0964696411c822cdd00b) Importer(815301076,1909f56bfc062723c751e8b465ee728b)  -> (artifact id: '035d5926ffca1712e2898a889c241e9c') in 0.022354 seconds
  Import took 0.025961 seconds .

========================================================================
Received Import Request.
  Time since last request: 1.506908 seconds.
  path: Assets/BOXOPHOBIC/Skybox Cubemap Extended/Core/Shaders/Skybox Cubemap Extended.shader
  artifactKey: Guid(82881a2d011b0964696411c822cdd00b) Importer(815301076,1909f56bfc062723c751e8b465ee728b)
Start importing Assets/BOXOPHOBIC/Skybox Cubemap Extended/Core/Shaders/Skybox Cubemap Extended.shader using Guid(82881a2d011b0964696411c822cdd00b) Importer(815301076,1909f56bfc062723c751e8b465ee728b)  -> (artifact id: '035d5926ffca1712e2898a889c241e9c') in 0.006318 seconds
  Import took 0.012019 seconds .

========================================================================
Received Import Request.
  Time since last request: 43.866524 seconds.
  path: Assets/BOXOPHOBIC/Utils/Editor/Boxophobic.Utils.Editor.asmdef
  artifactKey: Guid(10f1dd4cfd6afb54da274d7d818bd8f6) Importer(815301076,1909f56bfc062723c751e8b465ee728b)
Start importing Assets/BOXOPHOBIC/Utils/Editor/Boxophobic.Utils.Editor.asmdef using Guid(10f1dd4cfd6afb54da274d7d818bd8f6) Importer(815301076,1909f56bfc062723c751e8b465ee728b)  -> (artifact id: '244b443a7f36723dd2752b41b187d1d6') in 0.013895 seconds
  Import took 0.020885 seconds .

========================================================================
Received Import Request.
  Time since last request: 0.000311 seconds.
  path: Assets/BOXOPHOBIC/Utils/Editor/Version.asset
  artifactKey: Guid(a15c57a0379e088458f4b54715babf2b) Importer(815301076,1909f56bfc062723c751e8b465ee728b)
Start importing Assets/BOXOPHOBIC/Utils/Editor/Version.asset using Guid(a15c57a0379e088458f4b54715babf2b) Importer(815301076,1909f56bfc062723c751e8b465ee728b)  -> (artifact id: '8d48461d510f7d48b8b4c604ac4eb162') in 0.004900 seconds
  Import took 0.009404 seconds .

========================================================================
Received Import Request.
  Time since last request: 20.172988 seconds.
  path: Assets/BOXOPHOBIC/Skybox Cubemap Extended/Skybox Cubemap Extended.pdf
  artifactKey: Guid(5cbce0d58b9d6d147bde7b2601194b85) Importer(815301076,1909f56bfc062723c751e8b465ee728b)
Start importing Assets/BOXOPHOBIC/Skybox Cubemap Extended/Skybox Cubemap Extended.pdf using Guid(5cbce0d58b9d6d147bde7b2601194b85) Importer(815301076,1909f56bfc062723c751e8b465ee728b)  -> (artifact id: '2f9c62fc8864a43d22da4cf12ea869f7') in 0.018961 seconds
  Import took 0.023737 seconds .

========================================================================
Received Import Request.
  Time since last request: 204.212857 seconds.
  path: Assets/BOXOPHOBIC/Skybox Cubemap Extended/Demo/Materials/Skybox Cubemap Extended Night.mat
  artifactKey: Guid(cc421da483ed06c49933077a621bff25) Importer(815301076,1909f56bfc062723c751e8b465ee728b)
Start importing Assets/BOXOPHOBIC/Skybox Cubemap Extended/Demo/Materials/Skybox Cubemap Extended Night.mat using Guid(cc421da483ed06c49933077a621bff25) Importer(815301076,1909f56bfc062723c751e8b465ee728b)  -> (artifact id: 'ff49ba43f20c0be3433f71ea671884c2') in 0.344237 seconds
  Import took 0.359308 seconds .

========================================================================
Received Import Request.
  Time since last request: 0.069146 seconds.
  path: Assets/BOXOPHOBIC/Skybox Cubemap Extended/Demo/Materials/Skybox Cubemap Extended Day.mat
  artifactKey: Guid(2bd8959f5fbd3644aa33af1a155fc147) Importer(815301076,1909f56bfc062723c751e8b465ee728b)
Start importing Assets/BOXOPHOBIC/Skybox Cubemap Extended/Demo/Materials/Skybox Cubemap Extended Day.mat using Guid(2bd8959f5fbd3644aa33af1a155fc147) Importer(815301076,1909f56bfc062723c751e8b465ee728b)  -> (artifact id: 'e1daf2a861287832d517c8855fd2c42d') in 0.331842 seconds
  Import took 0.340119 seconds .

========================================================================
Received Prepare
Registering precompiled user dll's ...
Registered in 0.002793 seconds.
Begin MonoManager ReloadAssembly
Native extension for WindowsStandalone target not found
Refreshing native plugins compatible for Editor in 0.32 ms, found 0 plugins.
Preloading 0 native plugins for Editor in 0.00 ms.
Warning: Annotation not found!
UnityEngine.StackTraceUtility:ExtractStackTrace ()
UnityEditor.ProBuilder.EditorUtility:SetGizmoIconEnabled (System.Type,bool) (at Library/PackageCache/com.unity.probuilder@4.5.0/Editor/EditorCore/EditorUtility.cs:593)
UnityEditor.ProBuilder.HierarchyListener:.cctor () (at Library/PackageCache/com.unity.probuilder@4.5.0/Editor/EditorCore/HierarchyListener.cs:21)
System.Runtime.CompilerServices.RuntimeHelpers:RunClassConstructor (System.RuntimeTypeHandle)
UnityEditor.EditorAssemblies:ProcessInitializeOnLoadAttributes (System.Type[])

[Library/PackageCache/com.unity.probuilder@4.5.0/Editor/EditorCore/EditorUtility.cs line 593]

Invoked RoslynAnalysisRunner static constructor.
RoslynAnalysisRunner will not be running.
RoslynAnalysisRunner has terminated.
Mono: successfully reloaded assembly
- Completed reload, in  1.131 seconds
Platform modules already initialized, skipping
Refreshing native plugins compatible for Editor in 1.32 ms, found 0 plugins.
Preloading 0 native plugins for Editor in 0.00 ms.
Unloading 1545 Unused Serialized files (Serialized files now loaded: 0)
System memory in use before: 78.4 MB.
System memory in use after: 78.5 MB.

Unloading 6 unused Assets to reduce memory usage. Loaded Objects now: 2101.
Total: 3.610000 ms (FindLiveObjects: 0.598100 ms CreateObjectMapping: 0.212100 ms MarkObjects: 2.638300 ms  DeleteObjects: 0.159800 ms)

========================================================================
Received Prepare
Registering precompiled user dll's ...
Registered in 0.000875 seconds.
Begin MonoManager ReloadAssembly
Native extension for WindowsStandalone target not found
Refreshing native plugins compatible for Editor in 0.34 ms, found 0 plugins.
Preloading 0 native plugins for Editor in 0.00 ms.
Warning: Annotation not found!
UnityEngine.StackTraceUtility:ExtractStackTrace ()
UnityEditor.ProBuilder.EditorUtility:SetGizmoIconEnabled (System.Type,bool) (at Library/PackageCache/com.unity.probuilder@4.5.0/Editor/EditorCore/EditorUtility.cs:593)
UnityEditor.ProBuilder.HierarchyListener:.cctor () (at Library/PackageCache/com.unity.probuilder@4.5.0/Editor/EditorCore/HierarchyListener.cs:21)
System.Runtime.CompilerServices.RuntimeHelpers:RunClassConstructor (System.RuntimeTypeHandle)
UnityEditor.EditorAssemblies:ProcessInitializeOnLoadAttributes (System.Type[])

[Library/PackageCache/com.unity.probuilder@4.5.0/Editor/EditorCore/EditorUtility.cs line 593]

Invoked RoslynAnalysisRunner static constructor.
RoslynAnalysisRunner will not be running.
RoslynAnalysisRunner has terminated.
Mono: successfully reloaded assembly
- Completed reload, in  1.056 seconds
Platform modules already initialized, skipping
Refreshing native plugins compatible for Editor in 0.32 ms, found 0 plugins.
Preloading 0 native plugins for Editor in 0.00 ms.
Unloading 1544 Unused Serialized files (Serialized files now loaded: 0)
System memory in use before: 78.2 MB.
System memory in use after: 78.3 MB.

Unloading 6 unused Assets to reduce memory usage. Loaded Objects now: 2104.
Total: 2.981000 ms (FindLiveObjects: 0.174200 ms CreateObjectMapping: 0.052300 ms MarkObjects: 2.578300 ms  DeleteObjects: 0.175200 ms)

========================================================================
Received Import Request.
  Time since last request: 552.458712 seconds.
  path: Assets/Scripts/LevelController
  artifactKey: Guid(2e577201e1631ce499d8e9af6985340d) Importer(815301076,1909f56bfc062723c751e8b465ee728b)
Start importing Assets/Scripts/LevelController using Guid(2e577201e1631ce499d8e9af6985340d) Importer(815301076,1909f56bfc062723c751e8b465ee728b)  -> (artifact id: 'a3e0b9dcd02779a045763017da3d06f9') in 0.021975 seconds
  Import took 0.027935 seconds .

========================================================================
Received Import Request.
  Time since last request: 1.172063 seconds.
  path: Assets/Scripts/LevelController/GameObjectSpawner.cs
  artifactKey: Guid(6fdfcd24ed36c54488912621742beab9) Importer(815301076,1909f56bfc062723c751e8b465ee728b)
Start importing Assets/Scripts/LevelController/GameObjectSpawner.cs using Guid(6fdfcd24ed36c54488912621742beab9) Importer(815301076,1909f56bfc062723c751e8b465ee728b)  -> (artifact id: '988c9b99e9e4004088366cd4d4e72f35') in 0.041186 seconds
  Import took 0.045953 seconds .

========================================================================
Received Import Request.
  Time since last request: 425.164575 seconds.
  path: Assets/David/Entities/Player/PlayerFInal.prefab
  artifactKey: Guid(ea896ee990d4c804e8ba926bcca741fa) Importer(815301076,1909f56bfc062723c751e8b465ee728b)
Start importing Assets/David/Entities/Player/PlayerFInal.prefab using Guid(ea896ee990d4c804e8ba926bcca741fa) Importer(815301076,1909f56bfc062723c751e8b465ee728b)  -> (artifact id: '5f2e221d696ed9e037b04199fa844825') in 0.098931 seconds
  Import took 0.103948 seconds .

========================================================================
Received Import Request.
  Time since last request: 0.856661 seconds.
  path: Assets/David/Entities/Player/PlayerFInal.prefab
  artifactKey: Guid(ea896ee990d4c804e8ba926bcca741fa) Importer(815301076,1909f56bfc062723c751e8b465ee728b)
Start importing Assets/David/Entities/Player/PlayerFInal.prefab using Guid(ea896ee990d4c804e8ba926bcca741fa) Importer(815301076,1909f56bfc062723c751e8b465ee728b)  -> (artifact id: '8f8247bbab38ea10d9bc18db081312f9') in 0.030031 seconds
  Import took 0.036548 seconds .

========================================================================
Received Import Request.
  Time since last request: 1.391426 seconds.
  path: Assets/David/Entities/Player/PlayerFInal.prefab
  artifactKey: Guid(ea896ee990d4c804e8ba926bcca741fa) Importer(815301076,1909f56bfc062723c751e8b465ee728b)
Start importing Assets/David/Entities/Player/PlayerFInal.prefab using Guid(ea896ee990d4c804e8ba926bcca741fa) Importer(815301076,1909f56bfc062723c751e8b465ee728b)  -> (artifact id: '79134978c743a01e836da650e1ea0bd4') in 0.020922 seconds
  Import took 0.027494 seconds .

========================================================================
Received Import Request.
  Time since last request: 5.999575 seconds.
  path: Assets/David/Entities/Player/PlayerFInal.prefab
  artifactKey: Guid(ea896ee990d4c804e8ba926bcca741fa) Importer(815301076,1909f56bfc062723c751e8b465ee728b)
Start importing Assets/David/Entities/Player/PlayerFInal.prefab using Guid(ea896ee990d4c804e8ba926bcca741fa) Importer(815301076,1909f56bfc062723c751e8b465ee728b)  -> (artifact id: '9e7f55a9c656b7bc109bbf68a07201de') in 0.026270 seconds
  Import took 0.031107 seconds .

========================================================================
Received Import Request.
  Time since last request: 1.018391 seconds.
  path: Assets/David/Entities/Player/PlayerFInal.prefab
  artifactKey: Guid(ea896ee990d4c804e8ba926bcca741fa) Importer(815301076,1909f56bfc062723c751e8b465ee728b)
Start importing Assets/David/Entities/Player/PlayerFInal.prefab using Guid(ea896ee990d4c804e8ba926bcca741fa) Importer(815301076,1909f56bfc062723c751e8b465ee728b)  -> (artifact id: 'f5213f389663534740b4fecbf3eb4aba') in 0.031725 seconds
  Import took 0.038135 seconds .

========================================================================
Received Import Request.
  Time since last request: 6.869787 seconds.
  path: Assets/David/Entities/Player/PlayerFInal.prefab
  artifactKey: Guid(ea896ee990d4c804e8ba926bcca741fa) Importer(815301076,1909f56bfc062723c751e8b465ee728b)
Start importing Assets/David/Entities/Player/PlayerFInal.prefab using Guid(ea896ee990d4c804e8ba926bcca741fa) Importer(815301076,1909f56bfc062723c751e8b465ee728b)  -> (artifact id: 'ebe6691e3685d5a3048511e70793e0b7') in 0.022126 seconds
  Import took 0.026779 seconds .

========================================================================
Received Import Request.
  Time since last request: 2.443711 seconds.
  path: Assets/David/Entities/Player/PlayerFInal.prefab
  artifactKey: Guid(ea896ee990d4c804e8ba926bcca741fa) Importer(815301076,1909f56bfc062723c751e8b465ee728b)
Start importing Assets/David/Entities/Player/PlayerFInal.prefab using Guid(ea896ee990d4c804e8ba926bcca741fa) Importer(815301076,1909f56bfc062723c751e8b465ee728b)  -> (artifact id: 'cd7c42746b578c71c8de9537169af863') in 0.023950 seconds
  Import took 0.029793 seconds .

========================================================================
Received Import Request.
  Time since last request: 2.156637 seconds.
  path: Assets/David/Entities/Player/PlayerFInal.prefab
  artifactKey: Guid(ea896ee990d4c804e8ba926bcca741fa) Importer(815301076,1909f56bfc062723c751e8b465ee728b)
Start importing Assets/David/Entities/Player/PlayerFInal.prefab using Guid(ea896ee990d4c804e8ba926bcca741fa) Importer(815301076,1909f56bfc062723c751e8b465ee728b)  -> (artifact id: 'af33b37c2954f55f4a88924799e3293a') in 0.026505 seconds
  Import took 0.031315 seconds .

========================================================================
Received Prepare
Registering precompiled user dll's ...
Registered in 0.001024 seconds.
Begin MonoManager ReloadAssembly
Native extension for WindowsStandalone target not found
Refreshing native plugins compatible for Editor in 0.49 ms, found 0 plugins.
Preloading 0 native plugins for Editor in 0.00 ms.
Warning: Annotation not found!
UnityEngine.StackTraceUtility:ExtractStackTrace ()
UnityEditor.ProBuilder.EditorUtility:SetGizmoIconEnabled (System.Type,bool) (at Library/PackageCache/com.unity.probuilder@4.5.0/Editor/EditorCore/EditorUtility.cs:593)
UnityEditor.ProBuilder.HierarchyListener:.cctor () (at Library/PackageCache/com.unity.probuilder@4.5.0/Editor/EditorCore/HierarchyListener.cs:21)
System.Runtime.CompilerServices.RuntimeHelpers:RunClassConstructor (System.RuntimeTypeHandle)
UnityEditor.EditorAssemblies:ProcessInitializeOnLoadAttributes (System.Type[])

[Library/PackageCache/com.unity.probuilder@4.5.0/Editor/EditorCore/EditorUtility.cs line 593]

Invoked RoslynAnalysisRunner static constructor.
RoslynAnalysisRunner will not be running.
RoslynAnalysisRunner has terminated.
Mono: successfully reloaded assembly
- Completed reload, in  1.147 seconds
Platform modules already initialized, skipping
Refreshing native plugins compatible for Editor in 0.74 ms, found 0 plugins.
Preloading 0 native plugins for Editor in 0.00 ms.
Unloading 1544 Unused Serialized files (Serialized files now loaded: 0)
System memory in use before: 78.3 MB.
System memory in use after: 78.3 MB.

Unloading 6 unused Assets to reduce memory usage. Loaded Objects now: 2109.
Total: 2.413100 ms (FindLiveObjects: 0.242900 ms CreateObjectMapping: 0.055000 ms MarkObjects: 1.964200 ms  DeleteObjects: 0.149500 ms)

========================================================================
Received Import Request.
  Time since last request: 921.460292 seconds.
  path: Assets/David/Entities/Player/PlayerController.cs
  artifactKey: Guid(816de7a059e31f24a9e134630c8a2cb8) Importer(815301076,1909f56bfc062723c751e8b465ee728b)
Start importing Assets/David/Entities/Player/PlayerController.cs using Guid(816de7a059e31f24a9e134630c8a2cb8) Importer(815301076,1909f56bfc062723c751e8b465ee728b)  -> (artifact id: 'f9d2970df9ae7ce32054434eecb03e28') in 0.011330 seconds
  Import took 0.014923 seconds .

========================================================================
Received Import Request.
  Time since last request: 19.002346 seconds.
  path: Assets/David/Entities/Player/PlayerFInal.prefab
  artifactKey: Guid(ea896ee990d4c804e8ba926bcca741fa) Importer(815301076,1909f56bfc062723c751e8b465ee728b)
Start importing Assets/David/Entities/Player/PlayerFInal.prefab using Guid(ea896ee990d4c804e8ba926bcca741fa) Importer(815301076,1909f56bfc062723c751e8b465ee728b)  -> (artifact id: '335088d563672873f4668963391b33b9') in 0.122423 seconds
  Import took 0.126975 seconds .

========================================================================
Received Import Request.
  Time since last request: 8.756025 seconds.
  path: Assets/David/Entities/Player/PlayerFInal.prefab
  artifactKey: Guid(ea896ee990d4c804e8ba926bcca741fa) Importer(815301076,1909f56bfc062723c751e8b465ee728b)
Start importing Assets/David/Entities/Player/PlayerFInal.prefab using Guid(ea896ee990d4c804e8ba926bcca741fa) Importer(815301076,1909f56bfc062723c751e8b465ee728b)  -> (artifact id: '4289f05ded4189802806b165d844362d') in 0.059816 seconds
  Import took 0.064915 seconds .

========================================================================
Received Import Request.
  Time since last request: 15.554941 seconds.
  path: Assets/David/Entities/Player/PlayerFInal.prefab
  artifactKey: Guid(ea896ee990d4c804e8ba926bcca741fa) Importer(815301076,1909f56bfc062723c751e8b465ee728b)
Start importing Assets/David/Entities/Player/PlayerFInal.prefab using Guid(ea896ee990d4c804e8ba926bcca741fa) Importer(815301076,1909f56bfc062723c751e8b465ee728b)  -> (artifact id: 'c0b99b2050a8bc5fd2b1e8193087a7ee') in 0.040554 seconds
  Import took 0.045949 seconds .

========================================================================
Received Prepare
Registering precompiled user dll's ...
Registered in 0.001002 seconds.
Begin MonoManager ReloadAssembly
Native extension for WindowsStandalone target not found
Refreshing native plugins compatible for Editor in 0.32 ms, found 0 plugins.
Preloading 0 native plugins for Editor in 0.00 ms.
Warning: Annotation not found!
UnityEngine.StackTraceUtility:ExtractStackTrace ()
UnityEditor.ProBuilder.EditorUtility:SetGizmoIconEnabled (System.Type,bool) (at Library/PackageCache/com.unity.probuilder@4.5.0/Editor/EditorCore/EditorUtility.cs:593)
UnityEditor.ProBuilder.HierarchyListener:.cctor () (at Library/PackageCache/com.unity.probuilder@4.5.0/Editor/EditorCore/HierarchyListener.cs:21)
System.Runtime.CompilerServices.RuntimeHelpers:RunClassConstructor (System.RuntimeTypeHandle)
UnityEditor.EditorAssemblies:ProcessInitializeOnLoadAttributes (System.Type[])

[Library/PackageCache/com.unity.probuilder@4.5.0/Editor/EditorCore/EditorUtility.cs line 593]

Invoked RoslynAnalysisRunner static constructor.
RoslynAnalysisRunner will not be running.
RoslynAnalysisRunner has terminated.
Mono: successfully reloaded assembly
- Completed reload, in  1.274 seconds
Platform modules already initialized, skipping
Refreshing native plugins compatible for Editor in 0.49 ms, found 0 plugins.
Preloading 0 native plugins for Editor in 0.00 ms.
Unloading 1544 Unused Serialized files (Serialized files now loaded: 0)
System memory in use before: 78.3 MB.
System memory in use after: 78.4 MB.

Unloading 6 unused Assets to reduce memory usage. Loaded Objects now: 2113.
Total: 2.497900 ms (FindLiveObjects: 0.230900 ms CreateObjectMapping: 0.051300 ms MarkObjects: 2.068100 ms  DeleteObjects: 0.146600 ms)

========================================================================
Received Import Request.
  Time since last request: 68.793089 seconds.
  path: Assets/David/Minimap/MinimapController.cs
  artifactKey: Guid(aae5298e8cc53d54999c2043a2e3d4ae) Importer(815301076,1909f56bfc062723c751e8b465ee728b)
Start importing Assets/David/Minimap/MinimapController.cs using Guid(aae5298e8cc53d54999c2043a2e3d4ae) Importer(815301076,1909f56bfc062723c751e8b465ee728b)  -> (artifact id: '9569f98b15a92caaa73618c8652f4f4f') in 0.019593 seconds
  Import took 0.024346 seconds .

========================================================================
Received Prepare
Registering precompiled user dll's ...
Registered in 0.001136 seconds.
Begin MonoManager ReloadAssembly
Native extension for WindowsStandalone target not found
Refreshing native plugins compatible for Editor in 0.45 ms, found 0 plugins.
Preloading 0 native plugins for Editor in 0.00 ms.
Warning: Annotation not found!
UnityEngine.StackTraceUtility:ExtractStackTrace ()
UnityEditor.ProBuilder.EditorUtility:SetGizmoIconEnabled (System.Type,bool) (at Library/PackageCache/com.unity.probuilder@4.5.0/Editor/EditorCore/EditorUtility.cs:593)
UnityEditor.ProBuilder.HierarchyListener:.cctor () (at Library/PackageCache/com.unity.probuilder@4.5.0/Editor/EditorCore/HierarchyListener.cs:21)
System.Runtime.CompilerServices.RuntimeHelpers:RunClassConstructor (System.RuntimeTypeHandle)
UnityEditor.EditorAssemblies:ProcessInitializeOnLoadAttributes (System.Type[])

[Library/PackageCache/com.unity.probuilder@4.5.0/Editor/EditorCore/EditorUtility.cs line 593]

Invoked RoslynAnalysisRunner static constructor.
RoslynAnalysisRunner will not be running.
RoslynAnalysisRunner has terminated.
Mono: successfully reloaded assembly
- Completed reload, in  1.334 seconds
Platform modules already initialized, skipping
Refreshing native plugins compatible for Editor in 0.57 ms, found 0 plugins.
Preloading 0 native plugins for Editor in 0.00 ms.
Unloading 1544 Unused Serialized files (Serialized files now loaded: 0)
System memory in use before: 78.3 MB.
System memory in use after: 78.4 MB.

Unloading 6 unused Assets to reduce memory usage. Loaded Objects now: 2116.
Total: 3.073700 ms (FindLiveObjects: 0.292600 ms CreateObjectMapping: 0.064400 ms MarkObjects: 2.540800 ms  DeleteObjects: 0.152500 ms)

========================================================================
Received Import Request.
  Time since last request: 75.698761 seconds.
  path: Assets/David/Minimap/MinimapController.cs
  artifactKey: Guid(aae5298e8cc53d54999c2043a2e3d4ae) Importer(815301076,1909f56bfc062723c751e8b465ee728b)
Start importing Assets/David/Minimap/MinimapController.cs using Guid(aae5298e8cc53d54999c2043a2e3d4ae) Importer(815301076,1909f56bfc062723c751e8b465ee728b)  -> (artifact id: 'e19ba0ac2a44b61540194e63c2117f88') in 0.007915 seconds
  Import took 0.011174 seconds .

========================================================================
Received Prepare
Registering precompiled user dll's ...
Registered in 0.000907 seconds.
Begin MonoManager ReloadAssembly
Native extension for WindowsStandalone target not found
Refreshing native plugins compatible for Editor in 0.32 ms, found 0 plugins.
Preloading 0 native plugins for Editor in 0.00 ms.
Warning: Annotation not found!
UnityEngine.StackTraceUtility:ExtractStackTrace ()
UnityEditor.ProBuilder.EditorUtility:SetGizmoIconEnabled (System.Type,bool) (at Library/PackageCache/com.unity.probuilder@4.5.0/Editor/EditorCore/EditorUtility.cs:593)
UnityEditor.ProBuilder.HierarchyListener:.cctor () (at Library/PackageCache/com.unity.probuilder@4.5.0/Editor/EditorCore/HierarchyListener.cs:21)
System.Runtime.CompilerServices.RuntimeHelpers:RunClassConstructor (System.RuntimeTypeHandle)
UnityEditor.EditorAssemblies:ProcessInitializeOnLoadAttributes (System.Type[])

[Library/PackageCache/com.unity.probuilder@4.5.0/Editor/EditorCore/EditorUtility.cs line 593]

Invoked RoslynAnalysisRunner static constructor.
RoslynAnalysisRunner will not be running.
RoslynAnalysisRunner has terminated.
Mono: successfully reloaded assembly
- Completed reload, in  1.137 seconds
Platform modules already initialized, skipping
Refreshing native plugins compatible for Editor in 0.34 ms, found 0 plugins.
Preloading 0 native plugins for Editor in 0.00 ms.
Unloading 1544 Unused Serialized files (Serialized files now loaded: 0)
System memory in use before: 78.3 MB.
System memory in use after: 78.4 MB.

Unloading 6 unused Assets to reduce memory usage. Loaded Objects now: 2119.
Total: 3.220500 ms (FindLiveObjects: 0.614600 ms CreateObjectMapping: 0.087200 ms MarkObjects: 2.379900 ms  DeleteObjects: 0.136600 ms)

========================================================================
Received Import Request.
  Time since last request: 147.690595 seconds.
  path: Assets/Prefabs/Enemy.prefab
  artifactKey: Guid(fbd2fd88815d2584eab174600c3d28d9) Importer(815301076,1909f56bfc062723c751e8b465ee728b)
Start importing Assets/Prefabs/Enemy.prefab using Guid(fbd2fd88815d2584eab174600c3d28d9) Importer(815301076,1909f56bfc062723c751e8b465ee728b)  -> (artifact id: 'b442599738ce80645bd86497598b93d6') in 0.112772 seconds
  Import took 0.116217 seconds .

========================================================================
Received Import Request.
  Time since last request: 5.104585 seconds.
  path: Assets/Prefabs/Enemy.prefab
  artifactKey: Guid(fbd2fd88815d2584eab174600c3d28d9) Importer(815301076,1909f56bfc062723c751e8b465ee728b)
Start importing Assets/Prefabs/Enemy.prefab using Guid(fbd2fd88815d2584eab174600c3d28d9) Importer(815301076,1909f56bfc062723c751e8b465ee728b)  -> (artifact id: 'c3ea2f31ae4731849fa773db9cd338b1') in 0.037184 seconds
  Import took 0.042091 seconds .

========================================================================
Received Import Request.
  Time since last request: 1.983911 seconds.
  path: Assets/Prefabs/Enemy.prefab
  artifactKey: Guid(fbd2fd88815d2584eab174600c3d28d9) Importer(815301076,1909f56bfc062723c751e8b465ee728b)
Start importing Assets/Prefabs/Enemy.prefab using Guid(fbd2fd88815d2584eab174600c3d28d9) Importer(815301076,1909f56bfc062723c751e8b465ee728b)  -> (artifact id: 'fb8de365aa128d0bab6d1076cf65397d') in 0.039901 seconds
  Import took 0.044716 seconds .

========================================================================
Received Prepare
Registering precompiled user dll's ...
Registered in 0.000877 seconds.
Begin MonoManager ReloadAssembly
Native extension for WindowsStandalone target not found
Refreshing native plugins compatible for Editor in 0.30 ms, found 0 plugins.
Preloading 0 native plugins for Editor in 0.00 ms.
Warning: Annotation not found!
UnityEngine.StackTraceUtility:ExtractStackTrace ()
UnityEditor.ProBuilder.EditorUtility:SetGizmoIconEnabled (System.Type,bool) (at Library/PackageCache/com.unity.probuilder@4.5.0/Editor/EditorCore/EditorUtility.cs:593)
UnityEditor.ProBuilder.HierarchyListener:.cctor () (at Library/PackageCache/com.unity.probuilder@4.5.0/Editor/EditorCore/HierarchyListener.cs:21)
System.Runtime.CompilerServices.RuntimeHelpers:RunClassConstructor (System.RuntimeTypeHandle)
UnityEditor.EditorAssemblies:ProcessInitializeOnLoadAttributes (System.Type[])

[Library/PackageCache/com.unity.probuilder@4.5.0/Editor/EditorCore/EditorUtility.cs line 593]

Invoked RoslynAnalysisRunner static constructor.
RoslynAnalysisRunner will not be running.
RoslynAnalysisRunner has terminated.
Mono: successfully reloaded assembly
- Completed reload, in  1.309 seconds
Platform modules already initialized, skipping
Refreshing native plugins compatible for Editor in 0.38 ms, found 0 plugins.
Preloading 0 native plugins for Editor in 0.00 ms.
Unloading 1544 Unused Serialized files (Serialized files now loaded: 0)
System memory in use before: 78.4 MB.
System memory in use after: 78.4 MB.

Unloading 7 unused Assets to reduce memory usage. Loaded Objects now: 2123.
Total: 3.227600 ms (FindLiveObjects: 0.431900 ms CreateObjectMapping: 0.160000 ms MarkObjects: 2.498700 ms  DeleteObjects: 0.135200 ms)

========================================================================
Received Prepare
Registering precompiled user dll's ...
Registered in 0.000844 seconds.
Begin MonoManager ReloadAssembly
Native extension for WindowsStandalone target not found
Refreshing native plugins compatible for Editor in 0.37 ms, found 0 plugins.
Preloading 0 native plugins for Editor in 0.00 ms.
Warning: Annotation not found!
UnityEngine.StackTraceUtility:ExtractStackTrace ()
UnityEditor.ProBuilder.EditorUtility:SetGizmoIconEnabled (System.Type,bool) (at Library/PackageCache/com.unity.probuilder@4.5.0/Editor/EditorCore/EditorUtility.cs:593)
UnityEditor.ProBuilder.HierarchyListener:.cctor () (at Library/PackageCache/com.unity.probuilder@4.5.0/Editor/EditorCore/HierarchyListener.cs:21)
System.Runtime.CompilerServices.RuntimeHelpers:RunClassConstructor (System.RuntimeTypeHandle)
UnityEditor.EditorAssemblies:ProcessInitializeOnLoadAttributes (System.Type[])

[Library/PackageCache/com.unity.probuilder@4.5.0/Editor/EditorCore/EditorUtility.cs line 593]

Invoked RoslynAnalysisRunner static constructor.
RoslynAnalysisRunner will not be running.
RoslynAnalysisRunner has terminated.
Mono: successfully reloaded assembly
- Completed reload, in  1.027 seconds
Platform modules already initialized, skipping
Refreshing native plugins compatible for Editor in 0.46 ms, found 0 plugins.
Preloading 0 native plugins for Editor in 0.00 ms.
Unloading 1544 Unused Serialized files (Serialized files now loaded: 0)
System memory in use before: 78.3 MB.
System memory in use after: 78.4 MB.

Unloading 6 unused Assets to reduce memory usage. Loaded Objects now: 2126.
Total: 5.050300 ms (FindLiveObjects: 0.726100 ms CreateObjectMapping: 0.360300 ms MarkObjects: 3.836100 ms  DeleteObjects: 0.125700 ms)

AssetImportWorkerClient::OnTransportError - code=2 error=End of file
