Using pre-set license
Built from '2020.3/staging' branch; Version is '2020.3.3f1 (76626098c1c4) revision 7758432'; Using compiler version '192528614'; Build Type 'Release'
OS: 'Windows 10 Home; OS build 19041.928; Version 2004; 64bit' Language: 'es' Physical Memory: 16340 MB
BatchMode: 1, IsHumanControllingUs: 0, StartBugReporterOnCrash: 0, Is64bit: 1, IsPro: 0

 COMMAND LINE ARGUMENTS:
C:\Program Files\Unity\Hub\Editor\2020.3.3f1\Editor\Unity.exe
-adb2
-batchMode
-noUpm
-name
AssetImportWorker0
-projectPath
D:/Uni/3ยบ/3er Trimestre/Proyecto III/Proyecto3
-logFile
Logs/AssetImportWorker0.log
-srvPort
53423
Successfully changed project path to: D:/Uni/3ยบ/3er Trimestre/Proyecto III/Proyecto3
D:/Uni/3ยบ/3er Trimestre/Proyecto III/Proyecto3
Using Asset Import Pipeline V2.
Refreshing native plugins compatible for Editor in 34.39 ms, found 0 plugins.
Preloading 0 native plugins for Editor in 0.00 ms.
Initialize engine version: 2020.3.3f1 (76626098c1c4)
[Subsystems] Discovering subsystems at path C:/Program Files/Unity/Hub/Editor/2020.3.3f1/Editor/Data/Resources/UnitySubsystems
[Subsystems] Discovering subsystems at path D:/Uni/3ยบ/3er Trimestre/Proyecto III/Proyecto3/Assets
GfxDevice: creating device client; threaded=0
Direct3D:
    Version:  Direct3D 11.0 [level 11.1]
    Renderer: NVIDIA GeForce GTX 1070 (ID=0x1be1)
    Vendor:   
    VRAM:     8082 MB
    Driver:   27.21.14.5167
Initialize mono
Mono path[0] = 'C:/Program Files/Unity/Hub/Editor/2020.3.3f1/Editor/Data/Managed'
Mono path[1] = 'C:/Program Files/Unity/Hub/Editor/2020.3.3f1/Editor/Data/MonoBleedingEdge/lib/mono/unityjit'
Mono config path = 'C:/Program Files/Unity/Hub/Editor/2020.3.3f1/Editor/Data/MonoBleedingEdge/etc'
Using monoOptions --debugger-agent=transport=dt_socket,embedding=1,server=y,suspend=n,address=127.0.0.1:56064
Begin MonoManager ReloadAssembly
Registering precompiled unity dll's ...
Register platform support module: C:/Program Files/Unity/Hub/Editor/2020.3.3f1/Editor/Data/PlaybackEngines/WindowsStandaloneSupport/UnityEditor.WindowsStandalone.Extensions.dll
Registered in 0.004116 seconds.
Native extension for WindowsStandalone target not found
Refreshing native plugins compatible for Editor in 40.71 ms, found 0 plugins.
Preloading 0 native plugins for Editor in 0.00 ms.
Invoked RoslynAnalysisRunner static constructor.
RoslynAnalysisRunner will not be running.
RoslynAnalysisRunner has terminated.
Mono: successfully reloaded assembly
- Completed reload, in  1.622 seconds
Platform modules already initialized, skipping
Registering precompiled user dll's ...
Registered in 0.001876 seconds.
Begin MonoManager ReloadAssembly
Native extension for WindowsStandalone target not found
Refreshing native plugins compatible for Editor in 0.23 ms, found 0 plugins.
Preloading 0 native plugins for Editor in 0.00 ms.
Invoked RoslynAnalysisRunner static constructor.
RoslynAnalysisRunner will not be running.
RoslynAnalysisRunner has terminated.
Mono: successfully reloaded assembly
- Completed reload, in  1.154 seconds
Platform modules already initialized, skipping
========================================================================
Worker process is ready to serve import requests
Launched and connected shader compiler UnityShaderCompiler.exe after 0.13 seconds
Refreshing native plugins compatible for Editor in 0.37 ms, found 0 plugins.
Preloading 0 native plugins for Editor in 0.00 ms.
Unloading 1141 Unused Serialized files (Serialized files now loaded: 0)
System memory in use before: 59.4 MB.
System memory in use after: 59.5 MB.

Unloading 9 unused Assets to reduce memory usage. Loaded Objects now: 1584.
Total: 4.797900 ms (FindLiveObjects: 0.271500 ms CreateObjectMapping: 0.084200 ms MarkObjects: 4.350800 ms  DeleteObjects: 0.089000 ms)

========================================================================
Received Import Request.
  path: Assets/Scenes/Tests/EduTest.unity
  artifactKey: Guid(b0135d09e30b8d74f9388bca66c7cff2) Importer(815301076,1909f56bfc062723c751e8b465ee728b)
Start importing Assets/Scenes/Tests/EduTest.unity using Guid(b0135d09e30b8d74f9388bca66c7cff2) Importer(815301076,1909f56bfc062723c751e8b465ee728b)  -> (artifact id: 'a161833f4ea3ab54d0865c405ebb182b') in 0.018156 seconds
  Import took 0.043578 seconds .

========================================================================
Received Import Request.
  Time since last request: 0.001252 seconds.
  path: Assets/Scenes/Tests
  artifactKey: Guid(77f764566633c7e40bee64fa7977e33b) Importer(815301076,1909f56bfc062723c751e8b465ee728b)
Start importing Assets/Scenes/Tests using Guid(77f764566633c7e40bee64fa7977e33b) Importer(815301076,1909f56bfc062723c751e8b465ee728b)  -> (artifact id: '0327745a932933d1c7c082c4389c1597') in 0.004523 seconds
  Import took 0.010593 seconds .

========================================================================
Received Import Request.
  Time since last request: 1.021266 seconds.
  path: Assets/Scenes/Tests/EduTest 1.unity
  artifactKey: Guid(6bb08ac21a94c384a93c0da571f55989) Importer(815301076,1909f56bfc062723c751e8b465ee728b)
Start importing Assets/Scenes/Tests/EduTest 1.unity using Guid(6bb08ac21a94c384a93c0da571f55989) Importer(815301076,1909f56bfc062723c751e8b465ee728b)  -> (artifact id: 'af963b22bcdb5a51101260902a46db1b') in 0.006338 seconds
  Import took 0.036599 seconds .

========================================================================
Received Import Request.
  Time since last request: 8.782982 seconds.
  path: Assets/Scenes/Tests/Juan Test.unity
  artifactKey: Guid(6bb08ac21a94c384a93c0da571f55989) Importer(815301076,1909f56bfc062723c751e8b465ee728b)
Start importing Assets/Scenes/Tests/Juan Test.unity using Guid(6bb08ac21a94c384a93c0da571f55989) Importer(815301076,1909f56bfc062723c751e8b465ee728b)  -> (artifact id: '7ddeaedce2ae945ed0154596d62ccb27') in 0.007450 seconds
  Import took 0.013844 seconds .

========================================================================
Received Prepare
Registering precompiled user dll's ...
Registered in 0.001644 seconds.
Begin MonoManager ReloadAssembly
Native extension for WindowsStandalone target not found
Refreshing native plugins compatible for Editor in 0.62 ms, found 0 plugins.
Preloading 0 native plugins for Editor in 0.00 ms.
Warning: Annotation not found!
UnityEngine.StackTraceUtility:ExtractStackTrace ()
UnityEditor.ProBuilder.EditorUtility:SetGizmoIconEnabled (System.Type,bool) (at Library/PackageCache/com.unity.probuilder@4.5.0/Editor/EditorCore/EditorUtility.cs:593)
UnityEditor.ProBuilder.HierarchyListener:.cctor () (at Library/PackageCache/com.unity.probuilder@4.5.0/Editor/EditorCore/HierarchyListener.cs:21)
System.Runtime.CompilerServices.RuntimeHelpers:RunClassConstructor (System.RuntimeTypeHandle)
UnityEditor.EditorAssemblies:ProcessInitializeOnLoadAttributes (System.Type[])

[Library/PackageCache/com.unity.probuilder@4.5.0/Editor/EditorCore/EditorUtility.cs line 593]

Invoked RoslynAnalysisRunner static constructor.
RoslynAnalysisRunner will not be running.
RoslynAnalysisRunner has terminated.
Mono: successfully reloaded assembly
- Completed reload, in  1.883 seconds
Platform modules already initialized, skipping
Refreshing native plugins compatible for Editor in 0.70 ms, found 0 plugins.
Preloading 0 native plugins for Editor in 0.00 ms.
Unloading 1483 Unused Serialized files (Serialized files now loaded: 0)
System memory in use before: 73.0 MB.
System memory in use after: 71.0 MB.

Unloading 27 unused Assets to reduce memory usage. Loaded Objects now: 1926.
Total: 4.550100 ms (FindLiveObjects: 0.311600 ms CreateObjectMapping: 0.162100 ms MarkObjects: 1.886200 ms  DeleteObjects: 2.188100 ms)

========================================================================
Received Import Request.
  Time since last request: 1088.314224 seconds.
  path: Packages/com.unity.probuilder/Content/Material/Checker.mat
  artifactKey: Guid(4717b199010ca4cb3a8a7a465ec457d2) Importer(815301076,1909f56bfc062723c751e8b465ee728b)
Start importing Packages/com.unity.probuilder/Content/Material/Checker.mat using Guid(4717b199010ca4cb3a8a7a465ec457d2) Importer(815301076,1909f56bfc062723c751e8b465ee728b)  -> (artifact id: '1fd4bab38896a62be27872ba3c611ca0') in 0.373727 seconds
  Import took 0.382071 seconds .

========================================================================
Received Import Request.
  Time since last request: 0.001281 seconds.
  path: Packages/com.unity.probuilder/Content/Resources/Materials/VertexPickerHDRP.mat
  artifactKey: Guid(7d5c9fc287a2aa945a98203d41282923) Importer(815301076,1909f56bfc062723c751e8b465ee728b)
Start importing Packages/com.unity.probuilder/Content/Resources/Materials/VertexPickerHDRP.mat using Guid(7d5c9fc287a2aa945a98203d41282923) Importer(815301076,1909f56bfc062723c751e8b465ee728b)  -> (artifact id: 'e79e9fb2317f88611ed0b1a1f3bd9d81') in 0.019435 seconds
  Import took 0.027075 seconds .

========================================================================
Received Import Request.
  Time since last request: 0.000942 seconds.
  path: Assets/David/TestMaterialGreyed.mat
  artifactKey: Guid(7596b98c1dc186448ac20fb531f51f08) Importer(815301076,1909f56bfc062723c751e8b465ee728b)
Start importing Assets/David/TestMaterialGreyed.mat using Guid(7596b98c1dc186448ac20fb531f51f08) Importer(815301076,1909f56bfc062723c751e8b465ee728b)  -> (artifact id: 'f37d6b26c0236dec25acf99c6559348b') in 0.030039 seconds
  Import took 0.037312 seconds .

========================================================================
Received Import Request.
  Time since last request: 0.001072 seconds.
  path: Packages/com.unity.probuilder/Content/Resources/Materials/FacePicker.mat
  artifactKey: Guid(5695904020f064fdab5ad265b274a616) Importer(815301076,1909f56bfc062723c751e8b465ee728b)
Start importing Packages/com.unity.probuilder/Content/Resources/Materials/FacePicker.mat using Guid(5695904020f064fdab5ad265b274a616) Importer(815301076,1909f56bfc062723c751e8b465ee728b)  -> (artifact id: '234b84a4d667d96f22f27fef146e9617') in 0.016721 seconds
  Import took 0.023709 seconds .

========================================================================
Received Import Request.
  Time since last request: 0.000885 seconds.
  path: Packages/com.unity.probuilder/Content/Resources/Materials/Trigger.mat
  artifactKey: Guid(a1e97cbf2538241b691aae8243b5fb10) Importer(815301076,1909f56bfc062723c751e8b465ee728b)
Start importing Packages/com.unity.probuilder/Content/Resources/Materials/Trigger.mat using Guid(a1e97cbf2538241b691aae8243b5fb10) Importer(815301076,1909f56bfc062723c751e8b465ee728b)  -> (artifact id: '947997bc9f49cf7ecf5db1624c1b4138') in 0.050348 seconds
  Import took 0.057144 seconds .

========================================================================
Received Import Request.
  Time since last request: 0.001176 seconds.
  path: Packages/com.unity.probuilder/Content/Resources/Materials/VertexPicker.mat
  artifactKey: Guid(30a8575e1d4cc4e01a88ffbf4f973d80) Importer(815301076,1909f56bfc062723c751e8b465ee728b)
Start importing Packages/com.unity.probuilder/Content/Resources/Materials/VertexPicker.mat using Guid(30a8575e1d4cc4e01a88ffbf4f973d80) Importer(815301076,1909f56bfc062723c751e8b465ee728b)  -> (artifact id: '7b6ba03183e5f47db9d568e4a658de78') in 0.014231 seconds
  Import took 0.021696 seconds .

========================================================================
Received Import Request.
  Time since last request: 0.000883 seconds.
  path: Assets/Resources/TextMesh Pro/Resources/Fonts & Materials/LiberationSans SDF - Outline.mat
  artifactKey: Guid(79459efec17a4d00a321bdcc27bbc385) Importer(815301076,1909f56bfc062723c751e8b465ee728b)
Start importing Assets/Resources/TextMesh Pro/Resources/Fonts & Materials/LiberationSans SDF - Outline.mat using Guid(79459efec17a4d00a321bdcc27bbc385) Importer(815301076,1909f56bfc062723c751e8b465ee728b)  -> (artifact id: '71646f6b7222829c477b7c3d5eb39f23') in 0.243706 seconds
  Import took 0.250907 seconds .

========================================================================
Received Import Request.
  Time since last request: 0.001058 seconds.
  path: Packages/com.unity.probuilder/Content/Resources/Materials/ProBuilderDefault.mat
  artifactKey: Guid(c22777d6e868e4f2fb421913386b154e) Importer(815301076,1909f56bfc062723c751e8b465ee728b)
Start importing Packages/com.unity.probuilder/Content/Resources/Materials/ProBuilderDefault.mat using Guid(c22777d6e868e4f2fb421913386b154e) Importer(815301076,1909f56bfc062723c751e8b465ee728b)  -> (artifact id: '3bea142d32108f517f08ca08ae2a070e') in 0.037667 seconds
  Import took 0.045825 seconds .

========================================================================
Received Import Request.
  Time since last request: 0.001058 seconds.
  path: Packages/com.unity.probuilder/Content/Resources/Materials/EdgePickerHDRP.mat
  artifactKey: Guid(980c24c5a501a9a429356d191ad356a9) Importer(815301076,1909f56bfc062723c751e8b465ee728b)
Start importing Packages/com.unity.probuilder/Content/Resources/Materials/EdgePickerHDRP.mat using Guid(980c24c5a501a9a429356d191ad356a9) Importer(815301076,1909f56bfc062723c751e8b465ee728b)  -> (artifact id: '14950b43d9aa0d1d21f535f89105e106') in 0.016960 seconds
  Import took 0.023615 seconds .

========================================================================
Received Import Request.
  Time since last request: 0.000916 seconds.
  path: Packages/com.unity.probuilder/Content/Resources/Materials/EdgePicker.mat
  artifactKey: Guid(4ff996e3a0a5743a3987ab6231160665) Importer(815301076,1909f56bfc062723c751e8b465ee728b)
Start importing Packages/com.unity.probuilder/Content/Resources/Materials/EdgePicker.mat using Guid(4ff996e3a0a5743a3987ab6231160665) Importer(815301076,1909f56bfc062723c751e8b465ee728b)  -> (artifact id: 'f9ba7993c5937181d0761c5e57a6dc15') in 0.020337 seconds
  Import took 0.027362 seconds .

========================================================================
Received Import Request.
  Time since last request: 0.001012 seconds.
  path: Packages/com.unity.probuilder/Content/Resources/Materials/Collider.mat
  artifactKey: Guid(bbb235fff4f48426b863b36058ab66d2) Importer(815301076,1909f56bfc062723c751e8b465ee728b)
Start importing Packages/com.unity.probuilder/Content/Resources/Materials/Collider.mat using Guid(bbb235fff4f48426b863b36058ab66d2) Importer(815301076,1909f56bfc062723c751e8b465ee728b)  -> (artifact id: '1dc517d3d653ed730ac22f22a5918a78') in 0.016581 seconds
  Import took 0.022598 seconds .

========================================================================
Received Import Request.
  Time since last request: 0.000787 seconds.
  path: Packages/com.unity.probuilder/Content/Resources/Materials/NoDraw.mat
  artifactKey: Guid(8cb4d6fee77fd4ee6895f08b240d625f) Importer(815301076,1909f56bfc062723c751e8b465ee728b)
Start importing Packages/com.unity.probuilder/Content/Resources/Materials/NoDraw.mat using Guid(8cb4d6fee77fd4ee6895f08b240d625f) Importer(815301076,1909f56bfc062723c751e8b465ee728b)  -> (artifact id: '612bd4ed89f1cb2a1d6e31173ac7f246') in 0.044358 seconds
  Import took 0.050343 seconds .

========================================================================
Received Import Request.
  Time since last request: 0.001092 seconds.
  path: Assets/Resources/TextMesh Pro/Resources/Fonts & Materials/LiberationSans SDF - Fallback.asset
  artifactKey: Guid(2e498d1c8094910479dc3e1b768306a4) Importer(815301076,1909f56bfc062723c751e8b465ee728b)
Start importing Assets/Resources/TextMesh Pro/Resources/Fonts & Materials/LiberationSans SDF - Fallback.asset using Guid(2e498d1c8094910479dc3e1b768306a4) Importer(815301076,1909f56bfc062723c751e8b465ee728b)  -> (artifact id: 'abc1e97eedacdd3eb42767868b4f4cf6') in 0.058512 seconds
  Import took 0.065913 seconds .

========================================================================
Received Import Request.
  Time since last request: 0.000912 seconds.
  path: Assets/David/Minimap/MonsterIcon2.mat
  artifactKey: Guid(3c6dec405a96f5845a747da1b0399fd3) Importer(815301076,1909f56bfc062723c751e8b465ee728b)
Start importing Assets/David/Minimap/MonsterIcon2.mat using Guid(3c6dec405a96f5845a747da1b0399fd3) Importer(815301076,1909f56bfc062723c751e8b465ee728b)  -> (artifact id: '5d77e4ec27ddd98d935ebf2bb588c5a4') in 0.038287 seconds
  Import took 0.044443 seconds .

========================================================================
Received Import Request.
  Time since last request: 0.000963 seconds.
  path: Packages/com.unity.probuilder/Content/Resources/Materials/StandardVertexColorLWRP.mat
  artifactKey: Guid(077a003b1de1e4c35923be7a21b5d948) Importer(815301076,1909f56bfc062723c751e8b465ee728b)
Start importing Packages/com.unity.probuilder/Content/Resources/Materials/StandardVertexColorLWRP.mat using Guid(077a003b1de1e4c35923be7a21b5d948) Importer(815301076,1909f56bfc062723c751e8b465ee728b)  -> (artifact id: 'e953c6d978f79508daacd3065bacae4e') in 0.015683 seconds
  Import took 0.032974 seconds .

========================================================================
Received Import Request.
  Time since last request: 0.016811 seconds.
  path: Assets/Resources/TextMesh Pro/Fonts/LiberationSans.ttf
  artifactKey: Guid(e3265ab4bf004d28a9537516768c1c75) Importer(815301076,1909f56bfc062723c751e8b465ee728b)
Start importing Assets/Resources/TextMesh Pro/Fonts/LiberationSans.ttf using Guid(e3265ab4bf004d28a9537516768c1c75) Importer(815301076,1909f56bfc062723c751e8b465ee728b)  -> (artifact id: 'a5700defba0601f10394b8e625d30cf7') in 0.040586 seconds
  Import took 0.059675 seconds .

========================================================================
Received Import Request.
  Time since last request: 0.013167 seconds.
  path: Assets/Resources/TextMesh Pro/Resources/Fonts & Materials/LiberationSans SDF - Drop Shadow.mat
  artifactKey: Guid(e73a58f6e2794ae7b1b7e50b7fb811b0) Importer(815301076,1909f56bfc062723c751e8b465ee728b)
Start importing Assets/Resources/TextMesh Pro/Resources/Fonts & Materials/LiberationSans SDF - Drop Shadow.mat using Guid(e73a58f6e2794ae7b1b7e50b7fb811b0) Importer(815301076,1909f56bfc062723c751e8b465ee728b)  -> (artifact id: 'ee13205bf0a21714f51a3f10fe9602bd') in 0.105608 seconds
  Import took 0.112301 seconds .

========================================================================
Received Import Request.
  Time since last request: 0.001071 seconds.
  path: Assets/David/Minimap/CorpseIcon 1.mat
  artifactKey: Guid(8b86fbef1894f89409ff2dac00e7cc35) Importer(815301076,1909f56bfc062723c751e8b465ee728b)
Start importing Assets/David/Minimap/CorpseIcon 1.mat using Guid(8b86fbef1894f89409ff2dac00e7cc35) Importer(815301076,1909f56bfc062723c751e8b465ee728b)  -> (artifact id: '377e44376954d930265774f9e31c306a') in 0.015192 seconds
  Import took 0.022906 seconds .

========================================================================
Received Import Request.
  Time since last request: 0.001346 seconds.
  path: Packages/com.unity.probuilder/Content/Resources/Materials/InvisibleFace.mat
  artifactKey: Guid(978bbcf5050244f1b95128c04103f628) Importer(815301076,1909f56bfc062723c751e8b465ee728b)
Start importing Packages/com.unity.probuilder/Content/Resources/Materials/InvisibleFace.mat using Guid(978bbcf5050244f1b95128c04103f628) Importer(815301076,1909f56bfc062723c751e8b465ee728b)  -> (artifact id: 'b34bf6be600124ee8845dbbfec72b3f4') in 0.015353 seconds
  Import took 0.023956 seconds .

========================================================================
Received Import Request.
  Time since last request: 0.001011 seconds.
  path: Assets/Resources/TextMesh Pro/Resources/Fonts & Materials/LiberationSans SDF.asset
  artifactKey: Guid(8f586378b4e144a9851e7b34d9b748ee) Importer(815301076,1909f56bfc062723c751e8b465ee728b)
Start importing Assets/Resources/TextMesh Pro/Resources/Fonts & Materials/LiberationSans SDF.asset using Guid(8f586378b4e144a9851e7b34d9b748ee) Importer(815301076,1909f56bfc062723c751e8b465ee728b)  -> (artifact id: 'f97e54bf24592602f3573ca0a8a48715') in 0.053455 seconds
  Import took 0.060056 seconds .

========================================================================
Received Import Request.
  Time since last request: 0.000876 seconds.
  path: Assets/David/Minimap/PlayerIcon.mat
  artifactKey: Guid(ebb29b1514dd6c04eaf343d3c2c4500e) Importer(815301076,1909f56bfc062723c751e8b465ee728b)
Start importing Assets/David/Minimap/PlayerIcon.mat using Guid(ebb29b1514dd6c04eaf343d3c2c4500e) Importer(815301076,1909f56bfc062723c751e8b465ee728b)  -> (artifact id: 'de8c5178db2f53f268a6dc3e5bc7df3a') in 0.015244 seconds
  Import took 0.022118 seconds .

========================================================================
Received Import Request.
  Time since last request: 0.001234 seconds.
  path: Assets/David/TestMaterialBlue.mat
  artifactKey: Guid(66edc4d87a4f41943a203060bc3dd520) Importer(815301076,1909f56bfc062723c751e8b465ee728b)
Start importing Assets/David/TestMaterialBlue.mat using Guid(66edc4d87a4f41943a203060bc3dd520) Importer(815301076,1909f56bfc062723c751e8b465ee728b)  -> (artifact id: '0ff022a96d211de42fd1e427b6c134c4') in 0.013921 seconds
  Import took 0.039471 seconds .

========================================================================
Received Import Request.
  Time since last request: 0.001005 seconds.
  path: Assets/David/TestMaterialGreen.mat
  artifactKey: Guid(5e7f2e141ec33c945ac8f59d6f3ef1eb) Importer(815301076,1909f56bfc062723c751e8b465ee728b)
Start importing Assets/David/TestMaterialGreen.mat using Guid(5e7f2e141ec33c945ac8f59d6f3ef1eb) Importer(815301076,1909f56bfc062723c751e8b465ee728b)  -> (artifact id: '555e65f72bfd01f581f7c2a7a8747375') in 0.014744 seconds
  Import took 0.050490 seconds .

========================================================================
Received Import Request.
  Time since last request: 0.001050 seconds.
  path: Packages/com.unity.probuilder/Content/Resources/Materials/FacePickerHDRP.mat
  artifactKey: Guid(a53ef0dd76f2fe74eb5f43267d7c0195) Importer(815301076,1909f56bfc062723c751e8b465ee728b)
Start importing Packages/com.unity.probuilder/Content/Resources/Materials/FacePickerHDRP.mat using Guid(a53ef0dd76f2fe74eb5f43267d7c0195) Importer(815301076,1909f56bfc062723c751e8b465ee728b)  -> (artifact id: 'b2786c95d73d5caf1463a2a7e1651b07') in 0.015801 seconds
  Import took 0.050319 seconds .

========================================================================
Received Import Request.
  Time since last request: 0.001405 seconds.
  path: Packages/com.unity.probuilder/Content/Resources/Materials/UnlitVertexColor.mat
  artifactKey: Guid(29966c3c0907b49b58c4e59342d020cf) Importer(815301076,1909f56bfc062723c751e8b465ee728b)
Start importing Packages/com.unity.probuilder/Content/Resources/Materials/UnlitVertexColor.mat using Guid(29966c3c0907b49b58c4e59342d020cf) Importer(815301076,1909f56bfc062723c751e8b465ee728b)  -> (artifact id: '83c8bf116155047cf29f4e4b4f0fd724') in 0.018259 seconds
  Import took 0.074391 seconds .

========================================================================
Received Import Request.
  Time since last request: 0.001105 seconds.
  path: Packages/com.unity.probuilder/Content/Resources/Materials/StandardVertexColorHDRP.mat
  artifactKey: Guid(c35693c079f3840f7938a4a323096e84) Importer(815301076,1909f56bfc062723c751e8b465ee728b)
Start importing Packages/com.unity.probuilder/Content/Resources/Materials/StandardVertexColorHDRP.mat using Guid(c35693c079f3840f7938a4a323096e84) Importer(815301076,1909f56bfc062723c751e8b465ee728b)  -> (artifact id: 'dee3a7690a3df5e7e2b83737689f8f89') in 0.015377 seconds
  Import took 0.022499 seconds .

========================================================================
Received Import Request.
  Time since last request: 0.001083 seconds.
  path: Packages/com.unity.probuilder/Content/Resources/Materials/UnlitVertexColor.mat
  artifactKey: Guid(29966c3c0907b49b58c4e59342d020cf) Importer(815301076,1909f56bfc062723c751e8b465ee728b)
Start importing Packages/com.unity.probuilder/Content/Resources/Materials/UnlitVertexColor.mat using Guid(29966c3c0907b49b58c4e59342d020cf) Importer(815301076,1909f56bfc062723c751e8b465ee728b)  -> (artifact id: '83c8bf116155047cf29f4e4b4f0fd724') in 0.016771 seconds
  Import took 0.031392 seconds .

========================================================================
Received Import Request.
  Time since last request: 0.000943 seconds.
  path: Assets/David/TestMaterialRed.mat
  artifactKey: Guid(0a325dd0bfcd2af46bf4183441cb677e) Importer(815301076,1909f56bfc062723c751e8b465ee728b)
Start importing Assets/David/TestMaterialRed.mat using Guid(0a325dd0bfcd2af46bf4183441cb677e) Importer(815301076,1909f56bfc062723c751e8b465ee728b)  -> (artifact id: '2673b41df41d11eb4563fd35ad769f6a') in 0.015866 seconds
  Import took 0.047297 seconds .

AssetImportWorkerClient::OnTransportError - code=2 error=End of file
